Drill report for PCB.kicad_pcb
Created on 2024-12-23T22:21:38+0530

Copper Layer Stackup:
    =============================================================
    L1 :  F.Cu                      front
    L2 :  B.Cu                      back


Drill file 'PCB-PTH-drl.gbr' contains
    plated through holes:
    =============================================================
    T1  0.300mm  0.0118"  (2 holes)
    T2  0.762mm  0.0300"  (38 holes)
    T3  0.900mm  0.0354"  (6 holes)
    T4  1.000mm  0.0394"  (2 holes)
    T5  1.200mm  0.0472"  (8 holes)

    Total plated holes count 56


Drill file 'PCB-NPTH-drl.gbr' contains
    unplated through holes:
    =============================================================
    T1  1.800mm  0.0709"  (4 holes)

    Total unplated holes count 4
